

Started GET "/" for 127.0.0.1 at 2014-09-11 12:14:42 -0300
  [1m[36mActiveRecord::SchemaMigration Load (86.3ms)[0m  [1mSELECT `schema_migrations`.* FROM `schema_migrations`[0m
Processing by HomeController#index as HTML
  Rendered home/index.html.erb within layouts/application (71.1ms)
  Rendered layouts/_shim.html.erb (0.0ms)
  [1m[35mUser Load (124.9ms)[0m  SELECT  `users`.* FROM `users`  WHERE `users`.`id` = 1  ORDER BY `users`.`id` ASC LIMIT 1
  Rendered layouts/_header.html.erb (222.9ms)
  Rendered shared/_flash_messages.html.erb (1.0ms)
  Rendered layouts/_footer.html.erb (0.0ms)
Completed 200 OK in 9173ms (Views: 8937.5ms | ActiveRecord: 181.5ms)


Started GET "/assets/jquery.js?body=1" for 127.0.0.1 at 2014-09-11 12:14:53 -0300


Started GET "/assets/application.css?body=1" for 127.0.0.1 at 2014-09-11 12:14:53 -0300


Started GET "/assets/bootstrap/affix.js?body=1" for 127.0.0.1 at 2014-09-11 12:14:53 -0300


Started GET "/assets/jquery_ujs.js?body=1" for 127.0.0.1 at 2014-09-11 12:14:53 -0300


Started GET "/assets/bootstrap/alert.js?body=1" for 127.0.0.1 at 2014-09-11 12:14:53 -0300


Started GET "/assets/bootstrap/button.js?body=1" for 127.0.0.1 at 2014-09-11 12:14:53 -0300


Started GET "/assets/bootstrap/carousel.js?body=1" for 127.0.0.1 at 2014-09-11 12:14:53 -0300


Started GET "/assets/bootstrap/collapse.js?body=1" for 127.0.0.1 at 2014-09-11 12:14:53 -0300


Started GET "/assets/bootstrap/dropdown.js?body=1" for 127.0.0.1 at 2014-09-11 12:14:53 -0300


Started GET "/assets/bootstrap/transition.js?body=1" for 127.0.0.1 at 2014-09-11 12:14:53 -0300


Started GET "/assets/bootstrap/tab.js?body=1" for 127.0.0.1 at 2014-09-11 12:14:53 -0300


Started GET "/assets/bootstrap/scrollspy.js?body=1" for 127.0.0.1 at 2014-09-11 12:14:53 -0300


Started GET "/assets/bootstrap/modal.js?body=1" for 127.0.0.1 at 2014-09-11 12:14:53 -0300


Started GET "/assets/bootstrap/tooltip.js?body=1" for 127.0.0.1 at 2014-09-11 12:14:53 -0300


Started GET "/assets/bootstrap/popover.js?body=1" for 127.0.0.1 at 2014-09-11 12:14:53 -0300


Started GET "/assets/bootstrap-sprockets.js?body=1" for 127.0.0.1 at 2014-09-11 12:14:53 -0300


Started GET "/assets/turbolinks.js?body=1" for 127.0.0.1 at 2014-09-11 12:14:53 -0300


Started GET "/assets/bootstrap.js?body=1" for 127.0.0.1 at 2014-09-11 12:14:53 -0300


Started GET "/assets/devices.js?body=1" for 127.0.0.1 at 2014-09-11 12:14:53 -0300


Started GET "/assets/home.js?body=1" for 127.0.0.1 at 2014-09-11 12:14:53 -0300


Started GET "/assets/streams.js?body=1" for 127.0.0.1 at 2014-09-11 12:14:53 -0300


Started GET "/assets/application.js?body=1" for 127.0.0.1 at 2014-09-11 12:14:53 -0300


Started GET "/" for 127.0.0.1 at 2014-09-11 12:15:38 -0300
Processing by HomeController#index as HTML
  Rendered home/index.html.erb within layouts/application (0.0ms)
  Rendered layouts/_shim.html.erb (0.0ms)
  [1m[36mUser Load (0.0ms)[0m  [1mSELECT  `users`.* FROM `users`  WHERE `users`.`id` = 1  ORDER BY `users`.`id` ASC LIMIT 1[0m
  Rendered layouts/_header.html.erb (3.0ms)
  Rendered shared/_flash_messages.html.erb (0.0ms)
  Rendered layouts/_footer.html.erb (1.0ms)
Completed 200 OK in 33ms (Views: 32.0ms | ActiveRecord: 0.0ms)


Started GET "/assets/application.css?body=1" for 127.0.0.1 at 2014-09-11 12:15:39 -0300


Started GET "/assets/jquery.js?body=1" for 127.0.0.1 at 2014-09-11 12:15:39 -0300


Started GET "/assets/jquery_ujs.js?body=1" for 127.0.0.1 at 2014-09-11 12:15:39 -0300


Started GET "/assets/bootstrap/affix.js?body=1" for 127.0.0.1 at 2014-09-11 12:15:39 -0300


Started GET "/assets/bootstrap/alert.js?body=1" for 127.0.0.1 at 2014-09-11 12:15:39 -0300


Started GET "/assets/bootstrap/button.js?body=1" for 127.0.0.1 at 2014-09-11 12:15:39 -0300


Started GET "/assets/bootstrap/carousel.js?body=1" for 127.0.0.1 at 2014-09-11 12:15:39 -0300


Started GET "/assets/bootstrap/collapse.js?body=1" for 127.0.0.1 at 2014-09-11 12:15:39 -0300


Started GET "/assets/bootstrap/dropdown.js?body=1" for 127.0.0.1 at 2014-09-11 12:15:39 -0300


Started GET "/assets/bootstrap/tab.js?body=1" for 127.0.0.1 at 2014-09-11 12:15:39 -0300


Started GET "/assets/bootstrap/transition.js?body=1" for 127.0.0.1 at 2014-09-11 12:15:39 -0300


Started GET "/assets/bootstrap/scrollspy.js?body=1" for 127.0.0.1 at 2014-09-11 12:15:39 -0300


Started GET "/assets/bootstrap/modal.js?body=1" for 127.0.0.1 at 2014-09-11 12:15:39 -0300


Started GET "/assets/bootstrap/tooltip.js?body=1" for 127.0.0.1 at 2014-09-11 12:15:39 -0300


Started GET "/assets/bootstrap/popover.js?body=1" for 127.0.0.1 at 2014-09-11 12:15:39 -0300


Started GET "/assets/bootstrap-sprockets.js?body=1" for 127.0.0.1 at 2014-09-11 12:15:39 -0300


Started GET "/assets/turbolinks.js?body=1" for 127.0.0.1 at 2014-09-11 12:15:39 -0300


Started GET "/assets/bootstrap.js?body=1" for 127.0.0.1 at 2014-09-11 12:15:39 -0300


Started GET "/assets/devices.js?body=1" for 127.0.0.1 at 2014-09-11 12:15:39 -0300


Started GET "/assets/home.js?body=1" for 127.0.0.1 at 2014-09-11 12:15:39 -0300


Started GET "/assets/streams.js?body=1" for 127.0.0.1 at 2014-09-11 12:15:39 -0300


Started GET "/assets/application.js?body=1" for 127.0.0.1 at 2014-09-11 12:15:39 -0300


Started GET "/" for 127.0.0.1 at 2014-09-11 12:15:52 -0300
Processing by HomeController#index as HTML
  Rendered home/index.html.erb within layouts/application (0.0ms)
  Rendered layouts/_shim.html.erb (0.0ms)
  [1m[35mUser Load (0.0ms)[0m  SELECT  `users`.* FROM `users`  WHERE `users`.`id` = 1  ORDER BY `users`.`id` ASC LIMIT 1
  Rendered layouts/_header.html.erb (2.0ms)
  Rendered shared/_flash_messages.html.erb (0.0ms)
  Rendered layouts/_footer.html.erb (1.0ms)
Completed 200 OK in 48ms (Views: 47.4ms | ActiveRecord: 0.0ms)


Started GET "/assets/jquery.js?body=1" for 127.0.0.1 at 2014-09-11 12:15:52 -0300


Started GET "/assets/application.css?body=1" for 127.0.0.1 at 2014-09-11 12:15:52 -0300


Started GET "/assets/jquery_ujs.js?body=1" for 127.0.0.1 at 2014-09-11 12:15:52 -0300


Started GET "/assets/bootstrap/alert.js?body=1" for 127.0.0.1 at 2014-09-11 12:15:52 -0300


Started GET "/assets/bootstrap/affix.js?body=1" for 127.0.0.1 at 2014-09-11 12:15:52 -0300


Started GET "/assets/bootstrap/button.js?body=1" for 127.0.0.1 at 2014-09-11 12:15:52 -0300


Started GET "/assets/bootstrap/carousel.js?body=1" for 127.0.0.1 at 2014-09-11 12:15:52 -0300


Started GET "/assets/bootstrap/collapse.js?body=1" for 127.0.0.1 at 2014-09-11 12:15:52 -0300


Started GET "/assets/bootstrap/dropdown.js?body=1" for 127.0.0.1 at 2014-09-11 12:15:52 -0300


Started GET "/assets/bootstrap/tab.js?body=1" for 127.0.0.1 at 2014-09-11 12:15:52 -0300


Started GET "/assets/bootstrap/transition.js?body=1" for 127.0.0.1 at 2014-09-11 12:15:52 -0300


Started GET "/assets/bootstrap/scrollspy.js?body=1" for 127.0.0.1 at 2014-09-11 12:15:52 -0300


Started GET "/assets/bootstrap/modal.js?body=1" for 127.0.0.1 at 2014-09-11 12:15:52 -0300


Started GET "/assets/bootstrap/tooltip.js?body=1" for 127.0.0.1 at 2014-09-11 12:15:52 -0300


Started GET "/assets/bootstrap/popover.js?body=1" for 127.0.0.1 at 2014-09-11 12:15:53 -0300


Started GET "/assets/bootstrap-sprockets.js?body=1" for 127.0.0.1 at 2014-09-11 12:15:53 -0300


Started GET "/assets/turbolinks.js?body=1" for 127.0.0.1 at 2014-09-11 12:15:53 -0300


Started GET "/assets/bootstrap.js?body=1" for 127.0.0.1 at 2014-09-11 12:15:53 -0300


Started GET "/assets/devices.js?body=1" for 127.0.0.1 at 2014-09-11 12:15:53 -0300


Started GET "/assets/home.js?body=1" for 127.0.0.1 at 2014-09-11 12:15:53 -0300


Started GET "/assets/streams.js?body=1" for 127.0.0.1 at 2014-09-11 12:15:53 -0300


Started GET "/assets/application.js?body=1" for 127.0.0.1 at 2014-09-11 12:15:53 -0300
  [1m[36mActiveRecord::SchemaMigration Load (8.0ms)[0m  [1mSELECT `schema_migrations`.* FROM `schema_migrations`[0m
Migrating to AddTokenToUsers (20140911152628)
  [1m[35m (722.6ms)[0m  ALTER TABLE `users` ADD `token` varchar(255)
  [1m[36m (1.0ms)[0m  [1mBEGIN[0m
  [1m[35mSQL (12.1ms)[0m  INSERT INTO `schema_migrations` (`version`) VALUES ('20140911152628')
  [1m[36m (228.8ms)[0m  [1mCOMMIT[0m
  [1m[35mActiveRecord::SchemaMigration Load (1.0ms)[0m  SELECT `schema_migrations`.* FROM `schema_migrations`
  [1m[36mActiveRecord::SchemaMigration Load (0.0ms)[0m  [1mSELECT `schema_migrations`.* FROM `schema_migrations`[0m
  [1m[35mActiveRecord::SchemaMigration Load (0.0ms)[0m  SELECT `schema_migrations`.* FROM `schema_migrations`
Migrating to AddTokenToUsers (20140911152628)
  [1m[36m (498.0ms)[0m  [1mALTER TABLE `users` DROP `token`[0m
  [1m[35mSQL (208.4ms)[0m  DELETE FROM `schema_migrations` WHERE `schema_migrations`.`version` = '20140911152628'
  [1m[36mActiveRecord::SchemaMigration Load (0.0ms)[0m  [1mSELECT `schema_migrations`.* FROM `schema_migrations`[0m
  [1m[36mActiveRecord::SchemaMigration Load (1.0ms)[0m  [1mSELECT `schema_migrations`.* FROM `schema_migrations`[0m
Migrating to AddTokenToUsers (20140911152628)
  [1m[35m (569.4ms)[0m  ALTER TABLE `users` ADD `token` varchar(255)
  [1m[36mActiveRecord::SchemaMigration Load (0.0ms)[0m  [1mSELECT `schema_migrations`.* FROM `schema_migrations`[0m
Migrating to AddTokenToUsers (20140911152628)
  [1m[35m (1.0ms)[0m  ALTER TABLE `users` ADD `token` varchar(255)
Mysql2::Error: Duplicate column name 'token': ALTER TABLE `users` ADD `token` varchar(255)
  [1m[36mActiveRecord::SchemaMigration Load (0.0ms)[0m  [1mSELECT `schema_migrations`.* FROM `schema_migrations`[0m
  [1m[35mActiveRecord::SchemaMigration Load (0.0ms)[0m  SELECT `schema_migrations`.* FROM `schema_migrations`
Migrating to AddUserIdToDevices (20140814153505)
  [1m[36m (496.1ms)[0m  [1mALTER TABLE `devices` DROP `user_id`[0m
  [1m[35mSQL (201.6ms)[0m  DELETE FROM `schema_migrations` WHERE `schema_migrations`.`version` = '20140814153505'
  [1m[36mActiveRecord::SchemaMigration Load (0.0ms)[0m  [1mSELECT `schema_migrations`.* FROM `schema_migrations`[0m
  [1m[36mActiveRecord::SchemaMigration Load (1.0ms)[0m  [1mSELECT `schema_migrations`.* FROM `schema_migrations`[0m
Migrating to AddUserIdToDevices (20140814153505)
  [1m[35m (507.0ms)[0m  ALTER TABLE `devices` ADD `user_id` int(11)
  [1m[36m (263.7ms)[0m  [1mCREATE  INDEX `index_devices_on_user_id`  ON `devices` (`user_id`) [0m
  [1m[35m (1.0ms)[0m  BEGIN
  [1m[36mSQL (1.0ms)[0m  [1mINSERT INTO `schema_migrations` (`version`) VALUES ('20140814153505')[0m
  [1m[35m (213.3ms)[0m  COMMIT
Migrating to AddTokenToUsers (20140911152628)
  [1m[36m (0.0ms)[0m  [1mALTER TABLE `users` ADD `token` varchar(255)[0m
Mysql2::Error: Duplicate column name 'token': ALTER TABLE `users` ADD `token` varchar(255)
  [1m[36mActiveRecord::SchemaMigration Load (0.0ms)[0m  [1mSELECT `schema_migrations`.* FROM `schema_migrations`[0m
  [1m[35mActiveRecord::SchemaMigration Load (0.0ms)[0m  SELECT `schema_migrations`.* FROM `schema_migrations`
Migrating to AddUserIdToDevices (20140814153505)
  [1m[36m (590.9ms)[0m  [1mALTER TABLE `devices` DROP `user_id`[0m
  [1m[35mSQL (219.1ms)[0m  DELETE FROM `schema_migrations` WHERE `schema_migrations`.`version` = '20140814153505'
  [1m[36mActiveRecord::SchemaMigration Load (1.0ms)[0m  [1mSELECT `schema_migrations`.* FROM `schema_migrations`[0m
  [1m[36mActiveRecord::SchemaMigration Load (0.0ms)[0m  [1mSELECT `schema_migrations`.* FROM `schema_migrations`[0m
  [1m[35mActiveRecord::SchemaMigration Load (1.0ms)[0m  SELECT `schema_migrations`.* FROM `schema_migrations`
Migrating to DeviseCreateUsers (20140814151514)
  [1m[36m (257.9ms)[0m  [1mDROP INDEX `index_users_on_reset_password_token` ON `users`[0m
  [1m[35m (245.4ms)[0m  DROP INDEX `index_users_on_email` ON `users`
  [1m[36m (112.5ms)[0m  [1mDROP TABLE `users`[0m
  [1m[35mSQL (200.8ms)[0m  DELETE FROM `schema_migrations` WHERE `schema_migrations`.`version` = '20140814151514'
  [1m[36mActiveRecord::SchemaMigration Load (0.0ms)[0m  [1mSELECT `schema_migrations`.* FROM `schema_migrations`[0m
  [1m[36mActiveRecord::SchemaMigration Load (0.0ms)[0m  [1mSELECT `schema_migrations`.* FROM `schema_migrations`[0m
Migrating to DeviseCreateUsers (20140814151514)
  [1m[35m (135.1ms)[0m  CREATE TABLE `users` (`id` int(11) auto_increment PRIMARY KEY, `email` varchar(255) DEFAULT '' NOT NULL, `encrypted_password` varchar(255) DEFAULT '' NOT NULL, `reset_password_token` varchar(255), `reset_password_sent_at` datetime, `remember_created_at` datetime, `sign_in_count` int(11) DEFAULT 0 NOT NULL, `current_sign_in_at` datetime, `last_sign_in_at` datetime, `current_sign_in_ip` varchar(255), `last_sign_in_ip` varchar(255), `created_at` datetime, `updated_at` datetime) ENGINE=InnoDB
  [1m[36m (245.3ms)[0m  [1mCREATE UNIQUE INDEX `index_users_on_email`  ON `users` (`email`) [0m
  [1m[35m (276.7ms)[0m  CREATE UNIQUE INDEX `index_users_on_reset_password_token`  ON `users` (`reset_password_token`) 
  [1m[36m (0.0ms)[0m  [1mBEGIN[0m
  [1m[35mSQL (1.0ms)[0m  INSERT INTO `schema_migrations` (`version`) VALUES ('20140814151514')
  [1m[36m (213.3ms)[0m  [1mCOMMIT[0m
Migrating to AddUserIdToDevices (20140814153505)
  [1m[35m (590.0ms)[0m  ALTER TABLE `devices` ADD `user_id` int(11)
  [1m[36m (247.3ms)[0m  [1mCREATE  INDEX `index_devices_on_user_id`  ON `devices` (`user_id`) [0m
  [1m[35m (1.0ms)[0m  BEGIN
  [1m[36mSQL (1.0ms)[0m  [1mINSERT INTO `schema_migrations` (`version`) VALUES ('20140814153505')[0m
  [1m[35m (228.8ms)[0m  COMMIT
Migrating to AddTokenToUsers (20140911152628)
  [1m[36m (482.7ms)[0m  [1mALTER TABLE `users` ADD `token` varchar(255)[0m
  [1m[35mUser Load (0.0ms)[0m  SELECT `users`.* FROM `users`
  [1m[36m (261.0ms)[0m  [1mCREATE UNIQUE INDEX `index_users_on_token`  ON `users` (`token`) [0m
  [1m[35m (1.0ms)[0m  BEGIN
  [1m[36mSQL (1.0ms)[0m  [1mINSERT INTO `schema_migrations` (`version`) VALUES ('20140911152628')[0m
  [1m[35m (203.8ms)[0m  COMMIT
  [1m[36mActiveRecord::SchemaMigration Load (0.0ms)[0m  [1mSELECT `schema_migrations`.* FROM `schema_migrations`[0m


Started GET "/" for 127.0.0.1 at 2014-09-18 12:11:15 -0300
  [1m[36mActiveRecord::SchemaMigration Load (72.8ms)[0m  [1mSELECT `schema_migrations`.* FROM `schema_migrations`[0m
Processing by HomeController#index as HTML
  Rendered home/index.html.erb within layouts/application (2.3ms)
  Rendered layouts/_shim.html.erb (0.3ms)
  Rendered layouts/_header.html.erb (98.1ms)
  Rendered shared/_flash_messages.html.erb (0.3ms)
  Rendered layouts/_footer.html.erb (0.3ms)
Completed 200 OK in 3935ms (Views: 3907.3ms | ActiveRecord: 0.0ms)


Started GET "/assets/application.css?body=1" for 127.0.0.1 at 2014-09-17 21:48:25 -0300


Started GET "/assets/jquery.js?body=1" for 127.0.0.1 at 2014-09-17 21:48:25 -0300


Started GET "/assets/jquery_ujs.js?body=1" for 127.0.0.1 at 2014-09-17 21:48:25 -0300


Started GET "/assets/bootstrap/affix.js?body=1" for 127.0.0.1 at 2014-09-17 21:48:25 -0300


Started GET "/assets/bootstrap/alert.js?body=1" for 127.0.0.1 at 2014-09-17 21:48:25 -0300


Started GET "/assets/bootstrap/button.js?body=1" for 127.0.0.1 at 2014-09-17 21:48:25 -0300


Started GET "/assets/bootstrap/carousel.js?body=1" for 127.0.0.1 at 2014-09-17 21:48:25 -0300


Started GET "/assets/bootstrap/collapse.js?body=1" for 127.0.0.1 at 2014-09-17 21:48:25 -0300


Started GET "/assets/bootstrap/dropdown.js?body=1" for 127.0.0.1 at 2014-09-17 21:48:25 -0300


Started GET "/assets/bootstrap/tab.js?body=1" for 127.0.0.1 at 2014-09-17 21:48:25 -0300


Started GET "/assets/bootstrap/transition.js?body=1" for 127.0.0.1 at 2014-09-17 21:48:25 -0300


Started GET "/assets/bootstrap/scrollspy.js?body=1" for 127.0.0.1 at 2014-09-17 21:48:25 -0300


Started GET "/assets/bootstrap/tooltip.js?body=1" for 127.0.0.1 at 2014-09-17 21:48:26 -0300


Started GET "/assets/bootstrap/modal.js?body=1" for 127.0.0.1 at 2014-09-17 21:48:26 -0300


Started GET "/assets/bootstrap/popover.js?body=1" for 127.0.0.1 at 2014-09-17 21:48:26 -0300


Started GET "/assets/bootstrap-sprockets.js?body=1" for 127.0.0.1 at 2014-09-17 21:48:26 -0300


Started GET "/assets/turbolinks.js?body=1" for 127.0.0.1 at 2014-09-17 21:48:26 -0300


Started GET "/assets/bootstrap.js?body=1" for 127.0.0.1 at 2014-09-17 21:48:26 -0300


Started GET "/assets/devices.js?body=1" for 127.0.0.1 at 2014-09-17 21:48:26 -0300


Started GET "/assets/home.js?body=1" for 127.0.0.1 at 2014-09-17 21:48:26 -0300


Started GET "/assets/streams.js?body=1" for 127.0.0.1 at 2014-09-17 21:48:26 -0300


Started GET "/assets/application.js?body=1" for 127.0.0.1 at 2014-09-17 21:48:26 -0300


Started GET "/devices" for 127.0.0.1 at 2014-09-17 21:48:36 -0300
Processing by DevicesController#index as HTML
Completed 401 Unauthorized in 87ms


Started GET "/users/sign_in" for 127.0.0.1 at 2014-09-17 21:48:36 -0300
Processing by Devise::SessionsController#new as HTML
  Rendered /home/kadu/.rvm/gems/ruby-1.9.3-p547/gems/devise-3.3.0/app/views/devise/shared/_links.erb (1.2ms)
  Rendered /home/kadu/.rvm/gems/ruby-1.9.3-p547/gems/devise-3.3.0/app/views/devise/sessions/new.html.erb within layouts/application (37.5ms)
  Rendered layouts/_shim.html.erb (0.0ms)
  Rendered layouts/_header.html.erb (1.6ms)
  Rendered shared/_flash_messages.html.erb (0.0ms)
  Rendered layouts/_footer.html.erb (0.2ms)
Completed 200 OK in 128ms (Views: 109.5ms | ActiveRecord: 0.8ms)


Started POST "/users/sign_in" for 127.0.0.1 at 2014-09-17 21:48:44 -0300
Processing by Devise::SessionsController#create as HTML
  Parameters: {"utf8"=>"✓", "authenticity_token"=>"ho8Qd5s3RlU59KAMwwvA6uZfEXnJXofQGg92aWEn+yo=", "user"=>{"email"=>"kadu@kadu.com.br", "password"=>"[FILTERED]", "remember_me"=>"0"}, "commit"=>"Log in"}
  [1m[35mUser Load (0.3ms)[0m  SELECT  `users`.* FROM `users`  WHERE `users`.`email` = 'kadu@kadu.com.br'  ORDER BY `users`.`id` ASC LIMIT 1
  [1m[36m (0.1ms)[0m  [1mBEGIN[0m
  [1m[35mSQL (47.9ms)[0m  UPDATE `users` SET `current_sign_in_at` = '2014-09-18 00:48:44', `sign_in_count` = 2, `updated_at` = '2014-09-18 00:48:44' WHERE `users`.`id` = 1
  [1m[36m (93.9ms)[0m  [1mCOMMIT[0m
Redirected to http://localhost:3000/devices
Completed 302 Found in 414ms (ActiveRecord: 142.2ms)


Started GET "/devices" for 127.0.0.1 at 2014-09-17 21:48:44 -0300
Processing by DevicesController#index as HTML
  [1m[35mUser Load (0.5ms)[0m  SELECT  `users`.* FROM `users`  WHERE `users`.`id` = 1  ORDER BY `users`.`id` ASC LIMIT 1
  [1m[36mDevice Load (0.3ms)[0m  [1mSELECT `devices`.* FROM `devices`  WHERE `devices`.`user_id` = 1[0m
  Rendered devices/index.html.erb within layouts/application (8.9ms)
  Rendered layouts/_shim.html.erb (0.0ms)
  Rendered layouts/_header.html.erb (0.2ms)
  Rendered shared/_flash_messages.html.erb (0.0ms)
  Rendered layouts/_footer.html.erb (0.1ms)
Completed 200 OK in 86ms (Views: 19.8ms | ActiveRecord: 1.4ms)


Started GET "/assets/application.css?body=1" for 127.0.0.1 at 2014-09-17 21:48:44 -0300


Started GET "/assets/bootstrap/button.js?body=1" for 127.0.0.1 at 2014-09-17 21:48:44 -0300


Started GET "/assets/jquery_ujs.js?body=1" for 127.0.0.1 at 2014-09-17 21:48:44 -0300


Started GET "/assets/jquery.js?body=1" for 127.0.0.1 at 2014-09-17 21:48:44 -0300


Started GET "/assets/bootstrap/affix.js?body=1" for 127.0.0.1 at 2014-09-17 21:48:44 -0300


Started GET "/assets/bootstrap/alert.js?body=1" for 127.0.0.1 at 2014-09-17 21:48:44 -0300


Started GET "/assets/bootstrap/collapse.js?body=1" for 127.0.0.1 at 2014-09-17 21:48:44 -0300


Started GET "/assets/bootstrap/carousel.js?body=1" for 127.0.0.1 at 2014-09-17 21:48:44 -0300


Started GET "/assets/bootstrap/dropdown.js?body=1" for 127.0.0.1 at 2014-09-17 21:48:44 -0300


Started GET "/assets/bootstrap/tab.js?body=1" for 127.0.0.1 at 2014-09-17 21:48:44 -0300


Started GET "/assets/bootstrap/scrollspy.js?body=1" for 127.0.0.1 at 2014-09-17 21:48:44 -0300


Started GET "/assets/bootstrap/transition.js?body=1" for 127.0.0.1 at 2014-09-17 21:48:44 -0300


Started GET "/assets/bootstrap/tooltip.js?body=1" for 127.0.0.1 at 2014-09-17 21:48:44 -0300


Started GET "/assets/bootstrap/popover.js?body=1" for 127.0.0.1 at 2014-09-17 21:48:44 -0300


Started GET "/assets/bootstrap/modal.js?body=1" for 127.0.0.1 at 2014-09-17 21:48:44 -0300


Started GET "/assets/turbolinks.js?body=1" for 127.0.0.1 at 2014-09-17 21:48:44 -0300


Started GET "/assets/bootstrap-sprockets.js?body=1" for 127.0.0.1 at 2014-09-17 21:48:44 -0300


Started GET "/assets/bootstrap.js?body=1" for 127.0.0.1 at 2014-09-17 21:48:44 -0300


Started GET "/assets/devices.js?body=1" for 127.0.0.1 at 2014-09-17 21:48:44 -0300


Started GET "/assets/home.js?body=1" for 127.0.0.1 at 2014-09-17 21:48:44 -0300


Started GET "/assets/streams.js?body=1" for 127.0.0.1 at 2014-09-17 21:48:44 -0300


Started GET "/assets/application.js?body=1" for 127.0.0.1 at 2014-09-17 21:48:44 -0300


Started GET "/devices/1" for 127.0.0.1 at 2014-09-17 21:48:49 -0300
Processing by DevicesController#show as HTML
  Parameters: {"id"=>"1"}
  [1m[35mUser Load (0.1ms)[0m  SELECT  `users`.* FROM `users`  WHERE `users`.`id` = 1  ORDER BY `users`.`id` ASC LIMIT 1
  [1m[36mDevice Load (0.2ms)[0m  [1mSELECT  `devices`.* FROM `devices`  WHERE `devices`.`id` = 1 LIMIT 1[0m
  Rendered devices/show.html.erb within layouts/application (1.8ms)
  Rendered layouts/_shim.html.erb (0.3ms)
  Rendered layouts/_header.html.erb (1.0ms)
  Rendered shared/_flash_messages.html.erb (0.3ms)
  Rendered layouts/_footer.html.erb (0.4ms)
Completed 200 OK in 16ms (Views: 13.4ms | ActiveRecord: 0.4ms)


Started GET "/v1/devices/1/streams" for 127.0.0.1 at 2014-09-17 21:49:02 -0300

ActionController::RoutingError (No route matches [GET] "/v1/devices/1/streams"):
  actionpack (4.1.4) lib/action_dispatch/middleware/debug_exceptions.rb:21:in `call'
  actionpack (4.1.4) lib/action_dispatch/middleware/show_exceptions.rb:30:in `call'
  railties (4.1.4) lib/rails/rack/logger.rb:38:in `call_app'
  railties (4.1.4) lib/rails/rack/logger.rb:20:in `block in call'
  activesupport (4.1.4) lib/active_support/tagged_logging.rb:68:in `block in tagged'
  activesupport (4.1.4) lib/active_support/tagged_logging.rb:26:in `tagged'
  activesupport (4.1.4) lib/active_support/tagged_logging.rb:68:in `tagged'
  railties (4.1.4) lib/rails/rack/logger.rb:20:in `call'
  actionpack (4.1.4) lib/action_dispatch/middleware/request_id.rb:21:in `call'
  rack (1.5.2) lib/rack/methodoverride.rb:21:in `call'
  rack (1.5.2) lib/rack/runtime.rb:17:in `call'
  activesupport (4.1.4) lib/active_support/cache/strategy/local_cache_middleware.rb:26:in `call'
  rack (1.5.2) lib/rack/lock.rb:17:in `call'
  actionpack (4.1.4) lib/action_dispatch/middleware/static.rb:64:in `call'
  rack (1.5.2) lib/rack/sendfile.rb:112:in `call'
  railties (4.1.4) lib/rails/engine.rb:514:in `call'
  railties (4.1.4) lib/rails/application.rb:144:in `call'
  rack (1.5.2) lib/rack/lock.rb:17:in `call'
  rack (1.5.2) lib/rack/content_length.rb:14:in `call'
  rack (1.5.2) lib/rack/handler/webrick.rb:60:in `service'
  /home/kadu/.rvm/rubies/ruby-1.9.3-p547/lib/ruby/1.9.1/webrick/httpserver.rb:138:in `service'
  /home/kadu/.rvm/rubies/ruby-1.9.3-p547/lib/ruby/1.9.1/webrick/httpserver.rb:94:in `run'
  /home/kadu/.rvm/rubies/ruby-1.9.3-p547/lib/ruby/1.9.1/webrick/server.rb:191:in `block in start_thread'


  Rendered /home/kadu/.rvm/gems/ruby-1.9.3-p547/gems/actionpack-4.1.4/lib/action_dispatch/middleware/templates/rescues/_trace.html.erb (0.7ms)
  Rendered /home/kadu/.rvm/gems/ruby-1.9.3-p547/gems/actionpack-4.1.4/lib/action_dispatch/middleware/templates/routes/_route.html.erb (1.5ms)
  Rendered /home/kadu/.rvm/gems/ruby-1.9.3-p547/gems/actionpack-4.1.4/lib/action_dispatch/middleware/templates/routes/_table.html.erb (14.1ms)
  Rendered /home/kadu/.rvm/gems/ruby-1.9.3-p547/gems/actionpack-4.1.4/lib/action_dispatch/middleware/templates/rescues/routing_error.html.erb within rescues/layout (38.4ms)


Started GET "/v1/device/1/streams" for 127.0.0.1 at 2014-09-17 21:49:17 -0300
Processing by V1::StreamsController#list as HTML
  Parameters: {"id"=>"1"}
  [1m[35mDevice Load (0.1ms)[0m  SELECT  `devices`.* FROM `devices`  WHERE `devices`.`id` = 1 LIMIT 1
  [1m[36mStream Load (0.3ms)[0m  [1mSELECT  `streams`.`body`, `streams`.`created_at`, `streams`.`id` FROM `streams`  WHERE `streams`.`device_id` = 1  ORDER BY created_at DESC LIMIT 100[0m
Completed 200 OK in 99ms (Views: 0.3ms | ActiveRecord: 1.1ms)


Started GET "/v1/device/1/streams/last" for 127.0.0.1 at 2014-09-17 21:49:22 -0300
Processing by V1::StreamsController#list as HTML
  Parameters: {"id"=>"1", "date"=>"last"}
Completed 500 Internal Server Error in 1ms

ArgumentError (invalid date):
  app/controllers/v1/streams_controller.rb:23:in `parse'
  app/controllers/v1/streams_controller.rb:23:in `list'


  Rendered /home/kadu/.rvm/gems/ruby-1.9.3-p547/gems/actionpack-4.1.4/lib/action_dispatch/middleware/templates/rescues/_source.erb (0.6ms)
  Rendered /home/kadu/.rvm/gems/ruby-1.9.3-p547/gems/actionpack-4.1.4/lib/action_dispatch/middleware/templates/rescues/_trace.html.erb (0.9ms)
  Rendered /home/kadu/.rvm/gems/ruby-1.9.3-p547/gems/actionpack-4.1.4/lib/action_dispatch/middleware/templates/rescues/_request_and_response.html.erb (0.8ms)
  Rendered /home/kadu/.rvm/gems/ruby-1.9.3-p547/gems/actionpack-4.1.4/lib/action_dispatch/middleware/templates/rescues/diagnostics.erb within rescues/layout (33.5ms)


Started GET "/v1/device/1/streams/last" for 127.0.0.1 at 2014-09-17 21:49:56 -0300
  [1m[36mActiveRecord::SchemaMigration Load (0.1ms)[0m  [1mSELECT `schema_migrations`.* FROM `schema_migrations`[0m
Processing by V1::StreamsController#list as HTML
  Parameters: {"id"=>"1", "date"=>"last"}
Completed 500 Internal Server Error in 27ms

ArgumentError (invalid date):
  app/controllers/v1/streams_controller.rb:23:in `parse'
  app/controllers/v1/streams_controller.rb:23:in `list'


  Rendered /home/kadu/.rvm/gems/ruby-1.9.3-p547/gems/actionpack-4.1.4/lib/action_dispatch/middleware/templates/rescues/_source.erb (0.5ms)
  Rendered /home/kadu/.rvm/gems/ruby-1.9.3-p547/gems/actionpack-4.1.4/lib/action_dispatch/middleware/templates/rescues/_trace.html.erb (0.7ms)
  Rendered /home/kadu/.rvm/gems/ruby-1.9.3-p547/gems/actionpack-4.1.4/lib/action_dispatch/middleware/templates/rescues/_request_and_response.html.erb (0.6ms)
  Rendered /home/kadu/.rvm/gems/ruby-1.9.3-p547/gems/actionpack-4.1.4/lib/action_dispatch/middleware/templates/rescues/diagnostics.erb within rescues/layout (28.9ms)


Started GET "/v1/device/1/streams/last" for 127.0.0.1 at 2014-09-17 21:49:58 -0300
Processing by V1::StreamsController#list as HTML
  Parameters: {"id"=>"1", "date"=>"last"}
Completed 500 Internal Server Error in 1ms

ArgumentError (invalid date):
  app/controllers/v1/streams_controller.rb:23:in `parse'
  app/controllers/v1/streams_controller.rb:23:in `list'


  Rendered /home/kadu/.rvm/gems/ruby-1.9.3-p547/gems/actionpack-4.1.4/lib/action_dispatch/middleware/templates/rescues/_source.erb (0.6ms)
  Rendered /home/kadu/.rvm/gems/ruby-1.9.3-p547/gems/actionpack-4.1.4/lib/action_dispatch/middleware/templates/rescues/_trace.html.erb (0.8ms)
  Rendered /home/kadu/.rvm/gems/ruby-1.9.3-p547/gems/actionpack-4.1.4/lib/action_dispatch/middleware/templates/rescues/_request_and_response.html.erb (0.6ms)
  Rendered /home/kadu/.rvm/gems/ruby-1.9.3-p547/gems/actionpack-4.1.4/lib/action_dispatch/middleware/templates/rescues/diagnostics.erb within rescues/layout (9.5ms)


Started GET "/v1/device/1/streams/last" for 127.0.0.1 at 2014-09-17 21:51:14 -0300
  [1m[36mActiveRecord::SchemaMigration Load (0.1ms)[0m  [1mSELECT `schema_migrations`.* FROM `schema_migrations`[0m
Processing by V1::StreamsController#getLast as HTML
  Parameters: {"id"=>"1"}
  [1m[35mDevice Load (0.2ms)[0m  SELECT  `devices`.* FROM `devices`  WHERE `devices`.`id` = 1 LIMIT 1
  [1m[36mStream Load (0.2ms)[0m  [1mSELECT  `streams`.`body`, `streams`.`created_at`, `streams`.`id` FROM `streams`  WHERE `streams`.`device_id` = 1  ORDER BY created_at DESC LIMIT 1[0m
Completed 200 OK in 71ms (Views: 0.2ms | ActiveRecord: 2.0ms)


Started GET "/v1/device/1/livestream" for 127.0.0.1 at 2014-09-17 21:51:29 -0300

ActionController::RoutingError (No route matches [GET] "/v1/device/1/livestream"):
  actionpack (4.1.4) lib/action_dispatch/middleware/debug_exceptions.rb:21:in `call'
  actionpack (4.1.4) lib/action_dispatch/middleware/show_exceptions.rb:30:in `call'
  railties (4.1.4) lib/rails/rack/logger.rb:38:in `call_app'
  railties (4.1.4) lib/rails/rack/logger.rb:20:in `block in call'
  activesupport (4.1.4) lib/active_support/tagged_logging.rb:68:in `block in tagged'
  activesupport (4.1.4) lib/active_support/tagged_logging.rb:26:in `tagged'
  activesupport (4.1.4) lib/active_support/tagged_logging.rb:68:in `tagged'
  railties (4.1.4) lib/rails/rack/logger.rb:20:in `call'
  actionpack (4.1.4) lib/action_dispatch/middleware/request_id.rb:21:in `call'
  rack (1.5.2) lib/rack/methodoverride.rb:21:in `call'
  rack (1.5.2) lib/rack/runtime.rb:17:in `call'
  activesupport (4.1.4) lib/active_support/cache/strategy/local_cache_middleware.rb:26:in `call'
  rack (1.5.2) lib/rack/lock.rb:17:in `call'
  actionpack (4.1.4) lib/action_dispatch/middleware/static.rb:64:in `call'
  rack (1.5.2) lib/rack/sendfile.rb:112:in `call'
  railties (4.1.4) lib/rails/engine.rb:514:in `call'
  railties (4.1.4) lib/rails/application.rb:144:in `call'
  rack (1.5.2) lib/rack/lock.rb:17:in `call'
  rack (1.5.2) lib/rack/content_length.rb:14:in `call'
  rack (1.5.2) lib/rack/handler/webrick.rb:60:in `service'
  /home/kadu/.rvm/rubies/ruby-1.9.3-p547/lib/ruby/1.9.1/webrick/httpserver.rb:138:in `service'
  /home/kadu/.rvm/rubies/ruby-1.9.3-p547/lib/ruby/1.9.1/webrick/httpserver.rb:94:in `run'
  /home/kadu/.rvm/rubies/ruby-1.9.3-p547/lib/ruby/1.9.1/webrick/server.rb:191:in `block in start_thread'


  Rendered /home/kadu/.rvm/gems/ruby-1.9.3-p547/gems/actionpack-4.1.4/lib/action_dispatch/middleware/templates/rescues/_trace.html.erb (0.8ms)
  Rendered /home/kadu/.rvm/gems/ruby-1.9.3-p547/gems/actionpack-4.1.4/lib/action_dispatch/middleware/templates/routes/_route.html.erb (1.3ms)
  Rendered /home/kadu/.rvm/gems/ruby-1.9.3-p547/gems/actionpack-4.1.4/lib/action_dispatch/middleware/templates/routes/_table.html.erb (27.0ms)
  Rendered /home/kadu/.rvm/gems/ruby-1.9.3-p547/gems/actionpack-4.1.4/lib/action_dispatch/middleware/templates/rescues/routing_error.html.erb within rescues/layout (64.7ms)


Started GET "/v1/device/1/streams/09-17-2014" for 127.0.0.1 at 2014-09-17 21:52:06 -0300
Processing by V1::StreamsController#list as HTML
  Parameters: {"id"=>"1", "date"=>"09-17-2014"}
Completed 500 Internal Server Error in 1ms

ArgumentError (invalid date):
  app/controllers/v1/streams_controller.rb:23:in `parse'
  app/controllers/v1/streams_controller.rb:23:in `list'


  Rendered /home/kadu/.rvm/gems/ruby-1.9.3-p547/gems/actionpack-4.1.4/lib/action_dispatch/middleware/templates/rescues/_source.erb (0.4ms)
  Rendered /home/kadu/.rvm/gems/ruby-1.9.3-p547/gems/actionpack-4.1.4/lib/action_dispatch/middleware/templates/rescues/_trace.html.erb (0.9ms)
  Rendered /home/kadu/.rvm/gems/ruby-1.9.3-p547/gems/actionpack-4.1.4/lib/action_dispatch/middleware/templates/rescues/_request_and_response.html.erb (0.9ms)
  Rendered /home/kadu/.rvm/gems/ruby-1.9.3-p547/gems/actionpack-4.1.4/lib/action_dispatch/middleware/templates/rescues/diagnostics.erb within rescues/layout (9.5ms)


Started GET "/v1/device/1/streams/lasts%5D" for 127.0.0.1 at 2014-09-17 21:52:29 -0300
Processing by V1::StreamsController#list as HTML
  Parameters: {"id"=>"1", "date"=>"lasts]"}
Completed 500 Internal Server Error in 1ms

ArgumentError (invalid date):
  app/controllers/v1/streams_controller.rb:23:in `parse'
  app/controllers/v1/streams_controller.rb:23:in `list'


  Rendered /home/kadu/.rvm/gems/ruby-1.9.3-p547/gems/actionpack-4.1.4/lib/action_dispatch/middleware/templates/rescues/_source.erb (0.6ms)
  Rendered /home/kadu/.rvm/gems/ruby-1.9.3-p547/gems/actionpack-4.1.4/lib/action_dispatch/middleware/templates/rescues/_trace.html.erb (0.8ms)
  Rendered /home/kadu/.rvm/gems/ruby-1.9.3-p547/gems/actionpack-4.1.4/lib/action_dispatch/middleware/templates/rescues/_request_and_response.html.erb (0.7ms)
  Rendered /home/kadu/.rvm/gems/ruby-1.9.3-p547/gems/actionpack-4.1.4/lib/action_dispatch/middleware/templates/rescues/diagnostics.erb within rescues/layout (10.1ms)


Started GET "/v1/device/1/streams/last" for 127.0.0.1 at 2014-09-17 21:52:35 -0300
Processing by V1::StreamsController#getLast as HTML
  Parameters: {"id"=>"1"}
  [1m[35mDevice Load (0.2ms)[0m  SELECT  `devices`.* FROM `devices`  WHERE `devices`.`id` = 1 LIMIT 1
  [1m[36mStream Load (0.1ms)[0m  [1mSELECT  `streams`.`body`, `streams`.`created_at`, `streams`.`id` FROM `streams`  WHERE `streams`.`device_id` = 1  ORDER BY created_at DESC LIMIT 1[0m
Completed 200 OK in 3ms (Views: 0.2ms | ActiveRecord: 0.3ms)


Started GET "/v1/device/1/streamss" for 127.0.0.1 at 2014-09-17 21:52:39 -0300

ActionController::RoutingError (No route matches [GET] "/v1/device/1/streamss"):
  actionpack (4.1.4) lib/action_dispatch/middleware/debug_exceptions.rb:21:in `call'
  actionpack (4.1.4) lib/action_dispatch/middleware/show_exceptions.rb:30:in `call'
  railties (4.1.4) lib/rails/rack/logger.rb:38:in `call_app'
  railties (4.1.4) lib/rails/rack/logger.rb:20:in `block in call'
  activesupport (4.1.4) lib/active_support/tagged_logging.rb:68:in `block in tagged'
  activesupport (4.1.4) lib/active_support/tagged_logging.rb:26:in `tagged'
  activesupport (4.1.4) lib/active_support/tagged_logging.rb:68:in `tagged'
  railties (4.1.4) lib/rails/rack/logger.rb:20:in `call'
  actionpack (4.1.4) lib/action_dispatch/middleware/request_id.rb:21:in `call'
  rack (1.5.2) lib/rack/methodoverride.rb:21:in `call'
  rack (1.5.2) lib/rack/runtime.rb:17:in `call'
  activesupport (4.1.4) lib/active_support/cache/strategy/local_cache_middleware.rb:26:in `call'
  rack (1.5.2) lib/rack/lock.rb:17:in `call'
  actionpack (4.1.4) lib/action_dispatch/middleware/static.rb:64:in `call'
  rack (1.5.2) lib/rack/sendfile.rb:112:in `call'
  railties (4.1.4) lib/rails/engine.rb:514:in `call'
  railties (4.1.4) lib/rails/application.rb:144:in `call'
  rack (1.5.2) lib/rack/lock.rb:17:in `call'
  rack (1.5.2) lib/rack/content_length.rb:14:in `call'
  rack (1.5.2) lib/rack/handler/webrick.rb:60:in `service'
  /home/kadu/.rvm/rubies/ruby-1.9.3-p547/lib/ruby/1.9.1/webrick/httpserver.rb:138:in `service'
  /home/kadu/.rvm/rubies/ruby-1.9.3-p547/lib/ruby/1.9.1/webrick/httpserver.rb:94:in `run'
  /home/kadu/.rvm/rubies/ruby-1.9.3-p547/lib/ruby/1.9.1/webrick/server.rb:191:in `block in start_thread'


  Rendered /home/kadu/.rvm/gems/ruby-1.9.3-p547/gems/actionpack-4.1.4/lib/action_dispatch/middleware/templates/rescues/_trace.html.erb (0.8ms)
  Rendered /home/kadu/.rvm/gems/ruby-1.9.3-p547/gems/actionpack-4.1.4/lib/action_dispatch/middleware/templates/routes/_route.html.erb (1.3ms)
  Rendered /home/kadu/.rvm/gems/ruby-1.9.3-p547/gems/actionpack-4.1.4/lib/action_dispatch/middleware/templates/routes/_table.html.erb (1.0ms)
  Rendered /home/kadu/.rvm/gems/ruby-1.9.3-p547/gems/actionpack-4.1.4/lib/action_dispatch/middleware/templates/rescues/routing_error.html.erb within rescues/layout (16.7ms)


Started POST "/v1/streams/new" for 127.0.0.1 at 2014-09-17 21:57:05 -0300
Processing by V1::StreamsController#new as */*
  [1m[35mDevice Load (0.3ms)[0m  SELECT  `devices`.* FROM `devices`  WHERE `devices`.`key` = '_6gFCtMB0s8xaP-U1A-SwQ' LIMIT 1
  Rendered v1/streams/new.html.erb within layouts/application (0.4ms)
  Rendered layouts/_shim.html.erb (0.3ms)
  Rendered layouts/_header.html.erb (40.4ms)
  Rendered shared/_flash_messages.html.erb (0.3ms)
  Rendered layouts/_footer.html.erb (0.4ms)
Completed 400 Bad Request in 159ms (Views: 150.1ms | ActiveRecord: 0.3ms)


Started GET "/" for 127.0.0.1 at 2014-09-17 21:57:31 -0300
Processing by HomeController#index as HTML
  Rendered home/index.html.erb within layouts/application (0.3ms)
  Rendered layouts/_shim.html.erb (0.4ms)
  [1m[36mUser Load (0.1ms)[0m  [1mSELECT  `users`.* FROM `users`  WHERE `users`.`id` = 1  ORDER BY `users`.`id` ASC LIMIT 1[0m
  Rendered layouts/_header.html.erb (35.0ms)
  Rendered shared/_flash_messages.html.erb (0.3ms)
  Rendered layouts/_footer.html.erb (0.3ms)
Completed 200 OK in 49ms (Views: 47.7ms | ActiveRecord: 0.9ms)


Started GET "/assets/application.css?body=1" for 127.0.0.1 at 2014-09-17 21:57:32 -0300


Started GET "/assets/jquery.js?body=1" for 127.0.0.1 at 2014-09-17 21:57:32 -0300


Started GET "/assets/bootstrap/affix.js?body=1" for 127.0.0.1 at 2014-09-17 21:57:32 -0300


Started GET "/assets/bootstrap/alert.js?body=1" for 127.0.0.1 at 2014-09-17 21:57:32 -0300


Started GET "/assets/jquery_ujs.js?body=1" for 127.0.0.1 at 2014-09-17 21:57:32 -0300


Started GET "/assets/bootstrap/button.js?body=1" for 127.0.0.1 at 2014-09-17 21:57:32 -0300


Started GET "/assets/bootstrap/carousel.js?body=1" for 127.0.0.1 at 2014-09-17 21:57:32 -0300


Started GET "/assets/bootstrap/collapse.js?body=1" for 127.0.0.1 at 2014-09-17 21:57:32 -0300


Started GET "/assets/bootstrap/dropdown.js?body=1" for 127.0.0.1 at 2014-09-17 21:57:32 -0300


Started GET "/assets/bootstrap/tab.js?body=1" for 127.0.0.1 at 2014-09-17 21:57:32 -0300


Started GET "/assets/bootstrap/transition.js?body=1" for 127.0.0.1 at 2014-09-17 21:57:32 -0300


Started GET "/assets/bootstrap/scrollspy.js?body=1" for 127.0.0.1 at 2014-09-17 21:57:32 -0300


Started GET "/assets/bootstrap/modal.js?body=1" for 127.0.0.1 at 2014-09-17 21:57:32 -0300


Started GET "/assets/bootstrap/tooltip.js?body=1" for 127.0.0.1 at 2014-09-17 21:57:32 -0300


Started GET "/assets/bootstrap/popover.js?body=1" for 127.0.0.1 at 2014-09-17 21:57:32 -0300


Started GET "/assets/bootstrap-sprockets.js?body=1" for 127.0.0.1 at 2014-09-17 21:57:32 -0300


Started GET "/assets/turbolinks.js?body=1" for 127.0.0.1 at 2014-09-17 21:57:32 -0300


Started GET "/assets/bootstrap.js?body=1" for 127.0.0.1 at 2014-09-17 21:57:32 -0300


Started GET "/assets/devices.js?body=1" for 127.0.0.1 at 2014-09-17 21:57:32 -0300


Started GET "/assets/home.js?body=1" for 127.0.0.1 at 2014-09-17 21:57:32 -0300


Started GET "/assets/streams.js?body=1" for 127.0.0.1 at 2014-09-17 21:57:32 -0300


Started GET "/assets/application.js?body=1" for 127.0.0.1 at 2014-09-17 21:57:32 -0300


Started GET "/devices" for 127.0.0.1 at 2014-09-17 21:57:34 -0300
Processing by DevicesController#index as HTML
  [1m[35mUser Load (0.2ms)[0m  SELECT  `users`.* FROM `users`  WHERE `users`.`id` = 1  ORDER BY `users`.`id` ASC LIMIT 1
  [1m[36mDevice Load (0.1ms)[0m  [1mSELECT `devices`.* FROM `devices`  WHERE `devices`.`user_id` = 1[0m
  Rendered devices/index.html.erb within layouts/application (3.0ms)
  Rendered layouts/_shim.html.erb (0.3ms)
  Rendered layouts/_header.html.erb (0.7ms)
  Rendered shared/_flash_messages.html.erb (0.3ms)
  Rendered layouts/_footer.html.erb (0.3ms)
Completed 200 OK in 43ms (Views: 12.7ms | ActiveRecord: 0.3ms)


Started POST "/v1/streams/new" for 127.0.0.1 at 2014-09-17 21:57:55 -0300
Processing by V1::StreamsController#new as */*
  [1m[35mDevice Load (0.3ms)[0m  SELECT  `devices`.* FROM `devices`  WHERE `devices`.`key` = 'yNinAvhd448yMGk2tqpqXA' LIMIT 1
  [1m[36m (0.1ms)[0m  [1mBEGIN[0m
  [1m[35mSQL (0.4ms)[0m  INSERT INTO `streams` (`body`, `created_at`, `device_id`, `updated_at`) VALUES ('{\n\"body\": {\n\"protocol\": \"v2\",\n\"checksum\": \"\",\n\"device\": \"ArduinoDU\",\n\"at\": \"now\",\n\"data\": {\n\"Temperatura\": \"27.80\",\n\"Humidade\": \"48.00\",\n\"Heat Index\": \"166.63\"\n}\n},\n\"created_at\": \"2014-09-17T03:03:03.162Z\",\n\"id\": 10951\n}', '2014-09-18 00:57:55', 1, '2014-09-18 00:57:55')
  [1m[36m (40.8ms)[0m  [1mCOMMIT[0m
  Rendered v1/streams/new.html.erb within layouts/application (0.1ms)
  Rendered layouts/_shim.html.erb (0.0ms)
  Rendered layouts/_header.html.erb (1.3ms)
  Rendered shared/_flash_messages.html.erb (0.1ms)
  Rendered layouts/_footer.html.erb (0.2ms)
Completed 200 OK in 162ms (Views: 18.5ms | ActiveRecord: 41.6ms)


Started POST "/v1/streams/new" for 127.0.0.1 at 2014-09-17 21:58:25 -0300
Processing by V1::StreamsController#new as */*
  [1m[35mDevice Load (0.1ms)[0m  SELECT  `devices`.* FROM `devices`  WHERE `devices`.`key` = 'yNinAvhd448yMGk2tqpqXA' LIMIT 1
  [1m[36m (0.1ms)[0m  [1mBEGIN[0m
  [1m[35mSQL (0.4ms)[0m  INSERT INTO `streams` (`body`, `created_at`, `device_id`, `updated_at`) VALUES ('{\n\"body\": {\n\"protocol\": \"v2\",\n\"checksum\": \"\",\n\"device\": \"ArduinoDU\",\n\"at\": \"now\",\n\"data\": {\n\"Temperatura\": \"27.80\",\n\"Humidade\": \"48.00\",\n\"Heat Index\": \"166.63\"\n}\n},\n\"created_at\": \"2014-09-17T03:03:03.162Z\",\n\"id\": 10951\n}', '2014-09-18 00:58:25', 1, '2014-09-18 00:58:25')
  [1m[36m (102.9ms)[0m  [1mCOMMIT[0m
  Rendered v1/streams/new.html.erb within layouts/application (0.1ms)
  Rendered layouts/_shim.html.erb (0.0ms)
  Rendered layouts/_header.html.erb (1.1ms)
  Rendered shared/_flash_messages.html.erb (0.0ms)
  Rendered layouts/_footer.html.erb (0.1ms)
Completed 200 OK in 132ms (Views: 24.1ms | ActiveRecord: 103.6ms)


Started GET "/v1/device/1/streams/last" for 127.0.0.1 at 2014-09-17 22:07:25 -0300
Processing by V1::StreamsController#getLast as HTML
  Parameters: {"id"=>"1"}
  [1m[35mDevice Load (0.1ms)[0m  SELECT  `devices`.* FROM `devices`  WHERE `devices`.`id` = 1 LIMIT 1
  [1m[36mStream Load (0.2ms)[0m  [1mSELECT  `streams`.`body`, `streams`.`created_at`, `streams`.`id` FROM `streams`  WHERE `streams`.`device_id` = 1  ORDER BY created_at DESC LIMIT 1[0m
Completed 200 OK in 3ms (Views: 0.4ms | ActiveRecord: 0.4ms)


Started GET "/v1/device/1/streams/last" for 127.0.0.1 at 2014-09-17 22:07:50 -0300
Processing by V1::StreamsController#getLast as HTML
  Parameters: {"id"=>"1"}
  [1m[35mDevice Load (0.1ms)[0m  SELECT  `devices`.* FROM `devices`  WHERE `devices`.`id` = 1 LIMIT 1
  [1m[36mStream Load (0.1ms)[0m  [1mSELECT  `streams`.`body`, `streams`.`created_at`, `streams`.`id` FROM `streams`  WHERE `streams`.`device_id` = 1  ORDER BY created_at DESC LIMIT 1[0m
Completed 200 OK in 3ms (Views: 0.5ms | ActiveRecord: 0.2ms)


Started POST "/v1/streams/new" for 127.0.0.1 at 2014-09-17 22:08:16 -0300
Processing by V1::StreamsController#new as */*
  [1m[35mDevice Load (0.1ms)[0m  SELECT  `devices`.* FROM `devices`  WHERE `devices`.`key` = 'yNinAvhd448yMGk2tqpqXA' LIMIT 1
  Rendered v1/streams/new.html.erb within layouts/application (0.1ms)
  Rendered layouts/_shim.html.erb (0.1ms)
  Rendered layouts/_header.html.erb (2.0ms)
  Rendered shared/_flash_messages.html.erb (0.1ms)
  Rendered layouts/_footer.html.erb (0.1ms)
Completed 400 Bad Request in 24ms (Views: 22.8ms | ActiveRecord: 0.1ms)


Started GET "/v1/device/1/streams/last" for 127.0.0.1 at 2014-09-17 22:08:20 -0300
Processing by V1::StreamsController#getLast as HTML
  Parameters: {"id"=>"1"}
  [1m[36mDevice Load (0.2ms)[0m  [1mSELECT  `devices`.* FROM `devices`  WHERE `devices`.`id` = 1 LIMIT 1[0m
  [1m[35mStream Load (0.1ms)[0m  SELECT  `streams`.`body`, `streams`.`created_at`, `streams`.`id` FROM `streams`  WHERE `streams`.`device_id` = 1  ORDER BY created_at DESC LIMIT 1
Completed 200 OK in 4ms (Views: 0.4ms | ActiveRecord: 0.3ms)


Started GET "/v1/device/1/streams/last" for 127.0.0.1 at 2014-09-17 22:08:21 -0300
Processing by V1::StreamsController#getLast as HTML
  Parameters: {"id"=>"1"}
  [1m[36mDevice Load (0.2ms)[0m  [1mSELECT  `devices`.* FROM `devices`  WHERE `devices`.`id` = 1 LIMIT 1[0m
  [1m[35mStream Load (0.1ms)[0m  SELECT  `streams`.`body`, `streams`.`created_at`, `streams`.`id` FROM `streams`  WHERE `streams`.`device_id` = 1  ORDER BY created_at DESC LIMIT 1
Completed 200 OK in 3ms (Views: 0.4ms | ActiveRecord: 0.3ms)


Started GET "/v1/device/1/streams/last" for 127.0.0.1 at 2014-09-17 22:08:21 -0300
Processing by V1::StreamsController#getLast as HTML
  Parameters: {"id"=>"1"}
  [1m[36mDevice Load (0.1ms)[0m  [1mSELECT  `devices`.* FROM `devices`  WHERE `devices`.`id` = 1 LIMIT 1[0m
  [1m[35mStream Load (0.1ms)[0m  SELECT  `streams`.`body`, `streams`.`created_at`, `streams`.`id` FROM `streams`  WHERE `streams`.`device_id` = 1  ORDER BY created_at DESC LIMIT 1
Completed 200 OK in 2ms (Views: 0.2ms | ActiveRecord: 0.2ms)


Started GET "/v1/device/1/streams/last" for 127.0.0.1 at 2014-09-17 22:08:21 -0300
Processing by V1::StreamsController#getLast as HTML
  Parameters: {"id"=>"1"}
  [1m[36mDevice Load (0.1ms)[0m  [1mSELECT  `devices`.* FROM `devices`  WHERE `devices`.`id` = 1 LIMIT 1[0m
  [1m[35mStream Load (0.1ms)[0m  SELECT  `streams`.`body`, `streams`.`created_at`, `streams`.`id` FROM `streams`  WHERE `streams`.`device_id` = 1  ORDER BY created_at DESC LIMIT 1
Completed 200 OK in 3ms (Views: 0.3ms | ActiveRecord: 0.2ms)


Started GET "/v1/device/1/streams/last" for 127.0.0.1 at 2014-09-17 22:08:26 -0300
Processing by V1::StreamsController#getLast as HTML
  Parameters: {"id"=>"1"}
  [1m[36mDevice Load (0.3ms)[0m  [1mSELECT  `devices`.* FROM `devices`  WHERE `devices`.`id` = 1 LIMIT 1[0m
  [1m[35mStream Load (0.2ms)[0m  SELECT  `streams`.`body`, `streams`.`created_at`, `streams`.`id` FROM `streams`  WHERE `streams`.`device_id` = 1  ORDER BY created_at DESC LIMIT 1
Completed 200 OK in 5ms (Views: 0.8ms | ActiveRecord: 0.5ms)


Started GET "/v1/device/1/streams/last" for 127.0.0.1 at 2014-09-17 22:08:26 -0300
Processing by V1::StreamsController#getLast as HTML
  Parameters: {"id"=>"1"}
  [1m[36mDevice Load (0.1ms)[0m  [1mSELECT  `devices`.* FROM `devices`  WHERE `devices`.`id` = 1 LIMIT 1[0m
  [1m[35mStream Load (0.1ms)[0m  SELECT  `streams`.`body`, `streams`.`created_at`, `streams`.`id` FROM `streams`  WHERE `streams`.`device_id` = 1  ORDER BY created_at DESC LIMIT 1
Completed 200 OK in 2ms (Views: 0.3ms | ActiveRecord: 0.2ms)


Started GET "/v1/device/1/streams/last" for 127.0.0.1 at 2014-09-17 22:08:26 -0300
Processing by V1::StreamsController#getLast as HTML
  Parameters: {"id"=>"1"}
  [1m[36mDevice Load (0.1ms)[0m  [1mSELECT  `devices`.* FROM `devices`  WHERE `devices`.`id` = 1 LIMIT 1[0m
  [1m[35mStream Load (0.1ms)[0m  SELECT  `streams`.`body`, `streams`.`created_at`, `streams`.`id` FROM `streams`  WHERE `streams`.`device_id` = 1  ORDER BY created_at DESC LIMIT 1
Completed 200 OK in 2ms (Views: 0.2ms | ActiveRecord: 0.3ms)


Started POST "/v1/streams/new" for 127.0.0.1 at 2014-09-17 22:08:49 -0300
Processing by V1::StreamsController#new as */*
  [1m[36mDevice Load (0.1ms)[0m  [1mSELECT  `devices`.* FROM `devices`  WHERE `devices`.`key` = 'yNinAvhd448yMGk2tqpqXA' LIMIT 1[0m
  Rendered v1/streams/new.html.erb within layouts/application (0.1ms)
  Rendered layouts/_shim.html.erb (0.1ms)
  Rendered layouts/_header.html.erb (2.5ms)
  Rendered shared/_flash_messages.html.erb (0.0ms)
  Rendered layouts/_footer.html.erb (0.1ms)
Completed 400 Bad Request in 24ms (Views: 22.9ms | ActiveRecord: 0.1ms)


Started GET "/v1/device/1/streams/last" for 127.0.0.1 at 2014-09-17 22:10:11 -0300
Processing by V1::StreamsController#getLast as HTML
  Parameters: {"id"=>"1"}
  [1m[35mDevice Load (0.2ms)[0m  SELECT  `devices`.* FROM `devices`  WHERE `devices`.`id` = 1 LIMIT 1
  [1m[36mStream Load (0.2ms)[0m  [1mSELECT  `streams`.`body`, `streams`.`created_at`, `streams`.`id` FROM `streams`  WHERE `streams`.`device_id` = 1  ORDER BY created_at DESC LIMIT 1[0m
Completed 200 OK in 6ms (Views: 0.7ms | ActiveRecord: 0.4ms)


Started GET "/v1/device/1/streams/last" for 127.0.0.1 at 2014-09-17 22:10:11 -0300
Processing by V1::StreamsController#getLast as HTML
  Parameters: {"id"=>"1"}
  [1m[35mDevice Load (0.1ms)[0m  SELECT  `devices`.* FROM `devices`  WHERE `devices`.`id` = 1 LIMIT 1
  [1m[36mStream Load (0.1ms)[0m  [1mSELECT  `streams`.`body`, `streams`.`created_at`, `streams`.`id` FROM `streams`  WHERE `streams`.`device_id` = 1  ORDER BY created_at DESC LIMIT 1[0m
Completed 200 OK in 3ms (Views: 0.4ms | ActiveRecord: 0.2ms)


Started GET "/v1/device/1/streams/last" for 127.0.0.1 at 2014-09-17 22:12:43 -0300
Processing by V1::StreamsController#getLast as HTML
  Parameters: {"id"=>"1"}
  [1m[35mDevice Load (0.2ms)[0m  SELECT  `devices`.* FROM `devices`  WHERE `devices`.`id` = 1 LIMIT 1
  [1m[36mStream Load (0.1ms)[0m  [1mSELECT  `streams`.`body`, `streams`.`created_at`, `streams`.`id` FROM `streams`  WHERE `streams`.`device_id` = 1  ORDER BY created_at DESC LIMIT 1[0m
Completed 200 OK in 4ms (Views: 0.4ms | ActiveRecord: 0.3ms)


Started POST "/v1/streams/new" for 127.0.0.1 at 2014-09-17 22:14:16 -0300
Processing by V1::StreamsController#new as */*
  [1m[35mDevice Load (0.1ms)[0m  SELECT  `devices`.* FROM `devices`  WHERE `devices`.`key` = 'yNinAvhd448yMGk2tqpqXA' LIMIT 1
  [1m[36m (0.1ms)[0m  [1mBEGIN[0m
  [1m[35mSQL (0.2ms)[0m  INSERT INTO `streams` (`body`, `created_at`, `device_id`, `updated_at`) VALUES ('{\n\"protocol\": \"v2\",\n\"checksum\": \"\",\n\"device\": \"ArduinoDU\",\n\"at\": \"now\",\n\"data\": {\n\"Temperatura\": \"27.80\",\n\"Humidade\": \"48.00\",\n\"Heat Index\": \"166.63\"\n}\n}', '2014-09-18 01:14:16', 1, '2014-09-18 01:14:16')
  [1m[36m (95.4ms)[0m  [1mCOMMIT[0m
  Rendered v1/streams/new.html.erb within layouts/application (0.1ms)
  Rendered layouts/_shim.html.erb (0.1ms)
  Rendered layouts/_header.html.erb (1.8ms)
  Rendered shared/_flash_messages.html.erb (0.1ms)
  Rendered layouts/_footer.html.erb (0.1ms)
Completed 200 OK in 150ms (Views: 50.5ms | ActiveRecord: 95.8ms)


Started POST "/v1/streams/new" for 127.0.0.1 at 2014-09-17 22:14:28 -0300
Processing by V1::StreamsController#new as */*
  [1m[35mDevice Load (0.1ms)[0m  SELECT  `devices`.* FROM `devices`  WHERE `devices`.`key` = 'yNinAvhd448yMGk2tqpqXA' LIMIT 1
  [1m[36m (0.1ms)[0m  [1mBEGIN[0m
  [1m[35mSQL (0.2ms)[0m  INSERT INTO `streams` (`body`, `created_at`, `device_id`, `updated_at`) VALUES ('{\n\"protocol\": \"v2\",\n\"checksum\": \"\",\n\"device\": \"ArduinoDU\",\n\"at\": \"now\",\n\"data\": {\n\"Temperatura\": \"26.80\",\n\"Humidade\": \"48.00\",\n\"Heat Index\": \"166.63\"\n}\n}', '2014-09-18 01:14:28', 1, '2014-09-18 01:14:28')
  [1m[36m (59.8ms)[0m  [1mCOMMIT[0m
  Rendered v1/streams/new.html.erb within layouts/application (0.0ms)
  Rendered layouts/_shim.html.erb (0.0ms)
  Rendered layouts/_header.html.erb (1.1ms)
  Rendered shared/_flash_messages.html.erb (0.0ms)
  Rendered layouts/_footer.html.erb (0.1ms)
Completed 200 OK in 78ms (Views: 14.7ms | ActiveRecord: 60.2ms)


Started GET "/v1/device/1/streams/last" for 127.0.0.1 at 2014-09-17 22:14:44 -0300
Processing by V1::StreamsController#getLast as HTML
  Parameters: {"id"=>"1"}
  [1m[35mDevice Load (0.3ms)[0m  SELECT  `devices`.* FROM `devices`  WHERE `devices`.`id` = 1 LIMIT 1
  [1m[36mStream Load (0.4ms)[0m  [1mSELECT  `streams`.`body`, `streams`.`created_at`, `streams`.`id` FROM `streams`  WHERE `streams`.`device_id` = 1  ORDER BY created_at DESC LIMIT 1[0m
Completed 200 OK in 5ms (Views: 0.5ms | ActiveRecord: 0.7ms)


Started GET "/v1/device/1/streams/last" for 127.0.0.1 at 2014-09-17 22:16:03 -0300
Processing by V1::StreamsController#getLast as HTML
  Parameters: {"id"=>"1"}
  [1m[35mDevice Load (0.1ms)[0m  SELECT  `devices`.* FROM `devices`  WHERE `devices`.`id` = 1 LIMIT 1
  [1m[36mStream Load (0.1ms)[0m  [1mSELECT  `streams`.`body`, `streams`.`created_at`, `streams`.`id` FROM `streams`  WHERE `streams`.`device_id` = 1  ORDER BY created_at DESC LIMIT 1[0m
Completed 200 OK in 3ms (Views: 0.3ms | ActiveRecord: 0.2ms)


Started POST "/v1/streams/new" for 127.0.0.1 at 2014-09-17 22:17:17 -0300
Processing by V1::StreamsController#new as */*
  [1m[35mDevice Load (0.1ms)[0m  SELECT  `devices`.* FROM `devices`  WHERE `devices`.`key` = 'yNinAvhd448yMGk2tqpqXA' LIMIT 1
  [1m[36m (0.1ms)[0m  [1mBEGIN[0m
  [1m[35mSQL (0.3ms)[0m  INSERT INTO `streams` (`body`, `created_at`, `device_id`, `updated_at`) VALUES ('{\"protocol\":\"v2\",\"checksum\":\"\",\"device\":\"ArduinoDU\",\"at\":\"now\",\"data\":{\"Temperatura\":\"25.80\",\"Humidade\":\"48.00\",\"Heat Index\":\"166.63\"}}', '2014-09-18 01:17:17', 1, '2014-09-18 01:17:17')
  [1m[36m (68.4ms)[0m  [1mCOMMIT[0m
  Rendered v1/streams/new.html.erb within layouts/application (0.0ms)
  Rendered layouts/_shim.html.erb (0.1ms)
  Rendered layouts/_header.html.erb (1.3ms)
  Rendered shared/_flash_messages.html.erb (0.0ms)
  Rendered layouts/_footer.html.erb (0.1ms)
Completed 200 OK in 87ms (Views: 14.8ms | ActiveRecord: 68.8ms)


Started GET "/v1/device/1/streams/last" for 127.0.0.1 at 2014-09-17 22:17:24 -0300
Processing by V1::StreamsController#getLast as HTML
  Parameters: {"id"=>"1"}
  [1m[35mDevice Load (0.1ms)[0m  SELECT  `devices`.* FROM `devices`  WHERE `devices`.`id` = 1 LIMIT 1
  [1m[36mStream Load (0.2ms)[0m  [1mSELECT  `streams`.`body`, `streams`.`created_at`, `streams`.`id` FROM `streams`  WHERE `streams`.`device_id` = 1  ORDER BY created_at DESC LIMIT 1[0m
Completed 200 OK in 2ms (Views: 0.2ms | ActiveRecord: 0.3ms)
